#
# A fatal error has been detected by the Java Runtime Environment:
#
#  Internal Error (os_windows_x86.cpp:114), pid=416, tid=4324
#  Error: guarantee(result == -1,"Unexpected result from topLevelExceptionFilter")
#
# JRE version: 6.0_17-b04
# Java VM: Java HotSpot(TM) 64-Bit Server VM (14.3-b01 mixed mode windows-amd64 )
# If you would like to submit a bug report, please visit:
#   http://java.sun.com/webapps/bugreport/crash.jsp
# The crash happened outside the Java Virtual Machine in native code.
# See problematic frame for where to report the bug.
#

---------------  T H R E A D  ---------------

Current thread (0x0000000004c1a800):  JavaThread "main" [_thread_in_native, id=4324, stack(0x00000000000c0000,0x00000000040c0000)]

Stack: [0x00000000000c0000,0x00000000040c0000]
[error occurred during error reporting (printing stack bounds), id 0xc0000005]

Java frames: (J=compiled Java code, j=interpreted, Vv=VM code)
j  com.mathworks.jmi.NativeMatlab.ProcessPendingEvents()Z+0
j  com.mathworks.jmi.NativeMatlab.processPendingEvents()Z+8
j  com.mathworks.jmi.Matlab$ProcessPendingEvents.callBooleanMethod(Ljava/lang/Object;)Z+0
j  com.mathworks.util.FactoryUtils.processPendingEvents()Z+12
j  com.mathworks.mde.desk.MLDesktop.canClose()Z+84
j  com.mathworks.mde.desk.MLDesktop$2.call()Ljava/lang/Boolean;+4
j  com.mathworks.mde.desk.MLDesktop$2.call()Ljava/lang/Object;+1
j  com.mathworks.jmi.Matlab.isOkToExit()Z+54
v  ~StubRoutines::call_stub
j  com.mathworks.jmi.NativeMatlab.SendMatlabMessage(Ljava/lang/Object;)Ljava/lang/Object;+0
j  com.mathworks.jmi.NativeMatlab.sendMatlabMessage(Ljava/lang/Object;)Ljava/lang/Object;+22
j  com.mathworks.jmi.MatlabLooper.sendMatlabMessage(Lcom/mathworks/services/message/MWMessage;)Ljava/lang/Object;+20
j  com.mathworks.jmi.Matlab.mtFevalConsoleOutput(Ljava/lang/String;[Ljava/lang/Object;I)Ljava/lang/Object;+58
j  com.mathworks.mde.desk.MLDesktop$9.run()V+14
j  com.mathworks.jmi.NativeMatlab.dispatchMTRequests(Z)V+57
v  ~StubRoutines::call_stub

---------------  P R O C E S S  ---------------

Java Threads: ( => current thread )
  0x000000006512d000 JavaThread "Code Analyzer updating thread" [_thread_blocked, id=3768, stack(0x0000000011000000,0x0000000011080000)]
  0x0000000065128800 JavaThread "Code Analyzer updating thread" [_thread_blocked, id=2832, stack(0x0000000007d90000,0x0000000007e10000)]
  0x0000000065129000 JavaThread "Code Analyzer updating thread" [_thread_blocked, id=3692, stack(0x0000000007e10000,0x0000000007e90000)]
  0x0000000065121800 JavaThread "pool-3-thread-1" [_thread_blocked, id=1292, stack(0x0000000007ca0000,0x0000000007d20000)]
  0x000000006512c000 JavaThread "Code Analyzer updating thread" [_thread_blocked, id=3316, stack(0x0000000007a60000,0x0000000007ae0000)]
  0x000000006512b800 JavaThread "Code Analyzer updating thread" [_thread_blocked, id=4008, stack(0x0000000011440000,0x00000000114c0000)]
  0x000000006512a800 JavaThread "Foxtrot Single Worker Thread #1" daemon [_thread_blocked, id=1192, stack(0x0000000011330000,0x00000000113b0000)]
  0x0000000065123800 JavaThread "Code Analyzer updating thread" [_thread_blocked, id=4100, stack(0x0000000010f20000,0x0000000010fa0000)]
  0x000000006512a000 JavaThread "Code Analyzer updating thread" [_thread_blocked, id=3916, stack(0x0000000011180000,0x0000000011200000)]
  0x0000000065128000 JavaThread "Code Analyzer updating thread" [_thread_blocked, id=4556, stack(0x0000000010e50000,0x0000000010ed0000)]
  0x0000000065125000 JavaThread "Code Analyzer updating thread" [_thread_blocked, id=4280, stack(0x00000000677d0000,0x0000000067850000)]
  0x0000000065126800 JavaThread "Active Reference Queue Daemon" daemon [_thread_blocked, id=4364, stack(0x00000000676f0000,0x0000000067770000)]
  0x0000000065127000 JavaThread "Timer-71" daemon [_thread_blocked, id=4252, stack(0x0000000060e60000,0x0000000060ee0000)]
  0x0000000065122800 JavaThread "RequestQueue for GenericFileList" [_thread_blocked, id=4628, stack(0x000000002d340000,0x000000002d3c0000)]
  0x0000000065122000 JavaThread "Timer-3" daemon [_thread_blocked, id=3208, stack(0x0000000035600000,0x0000000035680000)]
  0x0000000065120800 JavaThread "Prefs Updater" daemon [_thread_blocked, id=3772, stack(0x000000001d1a0000,0x000000001d220000)]
  0x000000006511d800 JavaThread "Timer-1" [_thread_blocked, id=3100, stack(0x000000000f780000,0x000000000f800000)]
  0x0000000065120000 JavaThread "FelixPackageAdmin" daemon [_thread_blocked, id=5068, stack(0x000000000ff50000,0x000000000ffd0000)]
  0x000000006511f000 JavaThread "FelixStartLevel" daemon [_thread_blocked, id=5084, stack(0x000000000fd90000,0x000000000fe10000)]
  0x000000006511e800 JavaThread "FelixDispatchQueue" daemon [_thread_blocked, id=5072, stack(0x000000000fe60000,0x000000000fee0000)]
  0x0000000065291800 JavaThread "TimerQueue" daemon [_thread_blocked, id=5092, stack(0x000000000fca0000,0x000000000fd20000)]
  0x00000000654c3800 JavaThread "AWT-EventQueue-0" [_thread_in_Java, id=4012, stack(0x000000000f700000,0x000000000f780000)]
  0x000000006500b800 JavaThread "com.google.common.base.internal.Finalizer" daemon [_thread_blocked, id=4076, stack(0x000000000f650000,0x000000000f6d0000)]
  0x0000000065053000 JavaThread "AWT-Windows" daemon [_thread_in_native, id=1096, stack(0x000000000f4b0000,0x000000000f530000)]
  0x000000006504e000 JavaThread "AWT-Shutdown" [_thread_blocked, id=2872, stack(0x000000000f410000,0x000000000f490000)]
  0x000000006504d800 JavaThread "Java2D Disposer" daemon [_thread_blocked, id=4884, stack(0x000000000d780000,0x000000000d800000)]
  0x000000000f1c9000 JavaThread "Timer-0" [_thread_blocked, id=5104, stack(0x000000000cdf0000,0x000000000ce70000)]
  0x000000000f000000 JavaThread "JMI Unnamed Thread" [_thread_in_native, id=3676, stack(0x000000001d240000,0x0000000021240000)]
  0x000000000e264000 JavaThread "Low Memory Detector" daemon [_thread_blocked, id=2908, stack(0x000000000e5c0000,0x000000000e640000)]
  0x000000000e262800 JavaThread "CompilerThread1" daemon [_thread_blocked, id=4760, stack(0x0000000060f10000,0x0000000064f10000)]
  0x000000000e25a800 JavaThread "CompilerThread0" daemon [_thread_blocked, id=3868, stack(0x000000005ce40000,0x0000000060e40000)]
  0x000000000e256000 JavaThread "Attach Listener" daemon [_thread_blocked, id=3736, stack(0x000000000d680000,0x000000000d700000)]
  0x000000000e1fd800 JavaThread "Finalizer" daemon [_thread_blocked, id=440, stack(0x000000000e400000,0x000000000e480000)]
  0x000000000e1f5000 JavaThread "Reference Handler" daemon [_thread_blocked, id=2348, stack(0x000000000d700000,0x000000000d780000)]
=>0x0000000004c1a800 JavaThread "main" [_thread_in_native, id=4324, stack(0x00000000000c0000,0x00000000040c0000)]

Other Threads:
  0x000000000e1f1800 VMThread [stack: 0x0000000058dd0000,0x000000005cdd0000] [id=2548]
  0x000000000e293800 WatcherThread [stack: 0x0000000080000000,0x0000000084000000] [id=5096]

VM state:not at safepoint (normal execution)

VM Mutex/Monitor currently owned by a thread: None

Heap
 PSYoungGen      total 25984K, used 23983K [0x000000004d9c0000, 0x000000004fb30000, 0x0000000050ac0000)
  eden space 25920K, 92% used [0x000000004d9c0000,0x000000004f1216e8,0x000000004f310000)
  from space 64K, 100% used [0x000000004f3a0000,0x000000004f3b0000,0x000000004f3b0000)
  to   space 4160K, 0% used [0x000000004f720000,0x000000004f720000,0x000000004fb30000)
 PSOldGen        total 94976K, used 78518K [0x00000000446c0000, 0x000000004a380000, 0x000000004d9c0000)
  object space 94976K, 82% used [0x00000000446c0000,0x000000004936d9a8,0x000000004a380000)
 PSPermGen       total 68992K, used 61432K [0x000000003c6c0000, 0x0000000040a20000, 0x00000000446c0000)
  object space 68992K, 89% used [0x000000003c6c0000,0x00000000402be228,0x0000000040a20000)

Dynamic libraries:
0x000000013f140000 - 0x000000013f169000 	C:\Program Files\MATLAB\R2011b\bin\win64\MATLAB.exe
0x0000000077120000 - 0x00000000772c9000 	C:\Windows\SYSTEM32\ntdll.dll
0x0000000076a40000 - 0x0000000076b5f000 	C:\Windows\system32\kernel32.dll
0x000007fefd8a0000 - 0x000007fefd90c000 	C:\Windows\system32\KERNELBASE.dll
0x0000000074460000 - 0x0000000074563000 	C:\Program Files\MATLAB\R2011b\bin\win64\libut.dll
0x00000000758a0000 - 0x0000000075944000 	C:\Program Files\MATLAB\R2011b\bin\win64\libmwi18n.dll
0x0000000180000000 - 0x000000018000b000 	C:\Program Files\MATLAB\R2011b\bin\win64\libmwresource_core.dll
0x000000006ddf0000 - 0x000000006dec3000 	C:\Windows\WinSxS\amd64_microsoft.vc90.crt_1fc8b3b9a1e18e3b_9.0.30729.6161_none_08e61857a83bc251\MSVCP90.dll
0x0000000071b80000 - 0x0000000071c23000 	C:\Windows\WinSxS\amd64_microsoft.vc90.crt_1fc8b3b9a1e18e3b_9.0.30729.6161_none_08e61857a83bc251\MSVCR90.dll
0x000000007a170000 - 0x000000007a19c000 	C:\Program Files\MATLAB\R2011b\bin\win64\boost_filesystem-vc90-mt-1_44.dll
0x000000007a560000 - 0x000000007a569000 	C:\Program Files\MATLAB\R2011b\bin\win64\boost_system-vc90-mt-1_44.dll
0x000007fefdba0000 - 0x000007fefdc7b000 	C:\Windows\system32\ADVAPI32.dll
0x000007feff170000 - 0x000007feff20f000 	C:\Windows\system32\msvcrt.dll
0x000007feff280000 - 0x000007feff29f000 	C:\Windows\SYSTEM32\sechost.dll
0x000007fefde40000 - 0x000007fefdf6d000 	C:\Windows\system32\RPCRT4.dll
0x000000007a010000 - 0x000000007a035000 	C:\Program Files\MATLAB\R2011b\bin\win64\LIBEXPAT.dll
0x000000006b450000 - 0x000000006b641000 	C:\Program Files\MATLAB\R2011b\bin\win64\icuin44.dll
0x0000000070210000 - 0x0000000070381000 	C:\Program Files\MATLAB\R2011b\bin\win64\icuuc44.dll
0x0000000010000000 - 0x0000000010e41000 	C:\Program Files\MATLAB\R2011b\bin\win64\icudt44.dll
0x0000000073f70000 - 0x00000000740b5000 	C:\Program Files\MATLAB\R2011b\bin\win64\libmwfl.dll
0x000000007a350000 - 0x000000007a556000 	C:\Program Files\MATLAB\R2011b\bin\win64\libmwMATLAB_res.dll
0x0000000004160000 - 0x0000000004170000 	C:\Program Files\MATLAB\R2011b\bin\win64\boost_date_time-vc90-mt-1_44.dll
0x000000007a250000 - 0x000000007a263000 	C:\Program Files\MATLAB\R2011b\bin\win64\boost_signals-vc90-mt-1_44.dll
0x000000007a2d0000 - 0x000000007a2e2000 	C:\Program Files\MATLAB\R2011b\bin\win64\boost_thread-vc90-mt-1_44.dll
0x00000000041a0000 - 0x00000000041e6000 	C:\Program Files\MATLAB\R2011b\bin\win64\tbb.dll
0x000007feff260000 - 0x000007feff277000 	C:\Windows\system32\imagehlp.dll
0x00000000772e0000 - 0x00000000772e7000 	C:\Windows\system32\PSAPI.DLL
0x00000000735a0000 - 0x00000000735b3000 	C:\Program Files\MATLAB\R2011b\bin\win64\icuio44.dll
0x000007fef7880000 - 0x000007fef79a5000 	C:\Windows\system32\dbghelp.dll
0x0000000076b60000 - 0x0000000076c5a000 	C:\Windows\system32\USER32.dll
0x000007feff2a0000 - 0x000007feff307000 	C:\Windows\system32\GDI32.dll
0x000007fefd980000 - 0x000007fefd98e000 	C:\Windows\system32\LPK.dll
0x000007fefdf70000 - 0x000007fefe039000 	C:\Windows\system32\USP10.dll
0x000000007bed0000 - 0x000000007c148000 	C:\Program Files\MATLAB\R2011b\bin\win64\libmwservices.dll
0x0000000075a20000 - 0x0000000075ad5000 	C:\Program Files\MATLAB\R2011b\bin\win64\libmx.dll
0x000000007a210000 - 0x000000007a228000 	C:\Program Files\MATLAB\R2011b\bin\win64\zlib1.dll
0x0000000074330000 - 0x0000000074453000 	C:\Program Files\MATLAB\R2011b\bin\win64\libmwmathutil.dll
0x0000000075f10000 - 0x0000000075f5d000 	C:\Program Files\MATLAB\R2011b\bin\win64\mpath.dll
0x000000007b680000 - 0x000000007bb4d000 	C:\Program Files\MATLAB\R2011b\bin\win64\mlutil.dll
0x0000000073520000 - 0x000000007359f000 	C:\Program Files\MATLAB\R2011b\bin\win64\xmlcore.dll
0x000000007bc30000 - 0x000000007be83000 	C:\Program Files\MATLAB\R2011b\bin\win64\xerces-c_2_7.dll
0x000007feff210000 - 0x000007feff25d000 	C:\Windows\system32\WS2_32.dll
0x000007fefe2c0000 - 0x000007fefe2c8000 	C:\Windows\system32\NSI.dll
0x0000000004390000 - 0x00000000043a6000 	C:\Program Files\MATLAB\R2011b\bin\win64\libmwsettings_res.dll
0x00000000043c0000 - 0x0000000004407000 	C:\Program Files\MATLAB\R2011b\bin\win64\boost_serialization-vc90-mt-1_44.dll
0x000007fefe2d0000 - 0x000007feff058000 	C:\Windows\system32\SHELL32.dll
0x000007fefddc0000 - 0x000007fefde31000 	C:\Windows\system32\SHLWAPI.dll
0x000007fef0540000 - 0x000007fef05e0000 	C:\Windows\WinSxS\amd64_microsoft.windows.common-controls_6595b64144ccf1df_5.82.7601.17514_none_a4d6a923711520a9\COMCTL32.dll
0x000007feff390000 - 0x000007feff427000 	C:\Windows\system32\COMDLG32.dll
0x000007fefb660000 - 0x000007fefb676000 	C:\Windows\system32\NETAPI32.dll
0x000007fefb650000 - 0x000007fefb65c000 	C:\Windows\system32\netutils.dll
0x000007fefd350000 - 0x000007fefd373000 	C:\Windows\system32\srvcli.dll
0x000007fefb630000 - 0x000007fefb645000 	C:\Windows\system32\wkscli.dll
0x000007fefd990000 - 0x000007fefdb93000 	C:\Windows\system32\ole32.dll
0x000007fefdc80000 - 0x000007fefdd57000 	C:\Windows\system32\OLEAUT32.dll
0x0000000074970000 - 0x0000000074a41000 	C:\Program Files\MATLAB\R2011b\bin\win64\mcr.dll
0x0000000075000000 - 0x0000000075324000 	C:\Program Files\MATLAB\R2011b\bin\win64\iqm.dll
0x0000000069860000 - 0x000000006a030000 	C:\Program Files\MATLAB\R2011b\bin\win64\m_interpreter.dll
0x00000000735c0000 - 0x00000000735d5000 	C:\Program Files\MATLAB\R2011b\bin\win64\libmex.dll
0x000000006dcd0000 - 0x000000006dd7e000 	C:\Program Files\MATLAB\R2011b\bin\win64\m_dispatcher.dll
0x0000000074880000 - 0x000000007496d000 	C:\Program Files\MATLAB\R2011b\bin\win64\boost_regex-vc90-mt-1_44.dll
0x000000006dc40000 - 0x000000006dcc4000 	C:\Program Files\MATLAB\R2011b\bin\win64\profiler.dll
0x0000000079f40000 - 0x0000000079f73000 	C:\Program Files\MATLAB\R2011b\bin\win64\libmwmathrng.dll
0x0000000074c10000 - 0x0000000074cea000 	C:\Program Files\MATLAB\R2011b\bin\win64\libmwmathcore.dll
0x0000000076160000 - 0x00000000761cb000 	C:\Program Files\MATLAB\R2011b\bin\win64\libmwspmatrix.dll
0x0000000075ea0000 - 0x0000000075f02000 	C:\Program Files\MATLAB\R2011b\bin\win64\libmwcholmod.dll
0x00000000044d0000 - 0x00000000044dd000 	C:\Program Files\MATLAB\R2011b\bin\win64\libmwamd.dll
0x00000000044f0000 - 0x00000000044fc000 	C:\Program Files\MATLAB\R2011b\bin\win64\libmwcolamd.dll
0x0000000070430000 - 0x0000000070449000 	C:\Program Files\MATLAB\R2011b\bin\win64\libmwblas.dll
0x0000000070450000 - 0x0000000070462000 	C:\Program Files\MATLAB\R2011b\bin\win64\libmwbinder.dll
0x0000000070200000 - 0x000000007020b000 	C:\Program Files\MATLAB\R2011b\bin\win64\libmwompwrapper.dll
0x0000000070040000 - 0x00000000700c2000 	C:\Program Files\MATLAB\R2011b\bin\win64\libmwlapack.dll
0x000000006e040000 - 0x000000006e061000 	C:\Program Files\MATLAB\R2011b\bin\win64\m_pcodeio.dll
0x0000000079b10000 - 0x0000000079b77000 	C:\Program Files\MATLAB\R2011b\bin\win64\m_ir.dll
0x000000006a1c0000 - 0x000000006a800000 	C:\Program Files\MATLAB\R2011b\bin\win64\m_parser.dll
0x000000006fed0000 - 0x000000006feea000 	C:\Program Files\MATLAB\R2011b\bin\win64\ir_xfmr.dll
0x00000000695d0000 - 0x0000000069855000 	C:\Program Files\MATLAB\R2011b\bin\win64\mcos.dll
0x0000000073510000 - 0x000000007351c000 	C:\Program Files\MATLAB\R2011b\bin\win64\mtok.dll
0x000000006dc00000 - 0x000000006dc31000 	C:\Program Files\MATLAB\R2011b\bin\win64\m_pcodegen.dll
0x0000000079fb0000 - 0x0000000079fe5000 	C:\Program Files\MATLAB\R2011b\bin\win64\libmwbridge.dll
0x000000006a0f0000 - 0x000000006a1b8000 	C:\Program Files\MATLAB\R2011b\bin\win64\udd.dll
0x000000006d690000 - 0x000000006d7d7000 	C:\Program Files\MATLAB\R2011b\bin\win64\libmwgui.dll
0x000000006dbe0000 - 0x000000006dbf7000 	C:\Program Files\MATLAB\R2011b\bin\win64\graphics_util.dll
0x0000000068c20000 - 0x00000000695d0000 	C:\Program Files\MATLAB\R2011b\bin\win64\hg.dll
0x0000000076100000 - 0x0000000076158000 	C:\Program Files\MATLAB\R2011b\bin\win64\libmat.dll
0x0000000072d30000 - 0x0000000072f44000 	C:\Program Files\MATLAB\R2011b\bin\win64\hdf5dll.dll
0x0000000075710000 - 0x000000007579d000 	C:\Program Files\MATLAB\R2011b\bin\win64\jmi.dll
0x0000000004640000 - 0x000000000464e000 	C:\Program Files\MATLAB\R2011b\bin\win64\nativejava_services.dll
0x000000006db90000 - 0x000000006dbd3000 	C:\Program Files\MATLAB\R2011b\bin\win64\libmwhardcopy.dll
0x000000006a080000 - 0x000000006a0e3000 	C:\Program Files\MATLAB\R2011b\bin\win64\libuij.dll
0x0000000068a10000 - 0x0000000068c17000 	C:\Program Files\MATLAB\R2011b\bin\win64\hgdatatypes.dll
0x0000000068910000 - 0x0000000068a09000 	C:\Program Files\MATLAB\R2011b\bin\win64\hgutils.dll
0x0000000068850000 - 0x000000006890d000 	C:\Program Files\MATLAB\R2011b\bin\win64\udd_mi.dll
0x00000000046b0000 - 0x0000000004979000 	C:\Program Files\MATLAB\R2011b\bin\win64\uiw.dll
0x000000006fec0000 - 0x000000006fecf000 	C:\Program Files\MATLAB\R2011b\bin\win64\uinone.dll
0x000007fef5a30000 - 0x000007fef5a48000 	C:\Windows\system32\MPR.dll
0x0000000068360000 - 0x0000000068844000 	C:\Windows\WinSxS\amd64_microsoft.vc90.mfc_1fc8b3b9a1e18e3b_9.0.30729.6161_none_044aad0bab1eb146\mfc90.dll
0x000007fef9700000 - 0x000007fef9707000 	C:\Windows\system32\MSIMG32.dll
0x000007fef88e0000 - 0x000007fef8951000 	C:\Windows\system32\WINSPOOL.DRV
0x000000006db60000 - 0x000000006db81000 	C:\Program Files\MATLAB\R2011b\bin\win64\mwoles05.DLL
0x00000000682e0000 - 0x0000000068355000 	C:\Program Files\MATLAB\R2011b\bin\win64\comcli.dll
0x000000006a050000 - 0x000000006a07f000 	C:\Windows\WinSxS\amd64_microsoft.vc90.atl_1fc8b3b9a1e18e3b_9.0.30729.6161_none_0a1fd3a3a768b895\ATL90.DLL
0x000000006dde0000 - 0x000000006ddec000 	C:\Program Files\MATLAB\R2011b\bin\win64\mlautoregister.dll
0x00000000049d0000 - 0x00000000049e0000 	C:\Program Files\MATLAB\R2011b\bin\win64\boost_iostreams-vc90-mt-1_44.dll
0x000007fefd950000 - 0x000007fefd97e000 	C:\Windows\system32\IMM32.DLL
0x000007feff060000 - 0x000007feff169000 	C:\Windows\system32\MSCTF.dll
0x000007fefbe20000 - 0x000007fefbe76000 	C:\Windows\system32\UxTheme.dll
0x000007fefb9f0000 - 0x000007fefba08000 	C:\Windows\system32\dwmapi.dll
0x000000006db50000 - 0x000000006db5d000 	C:\Windows\WinSxS\amd64_microsoft.vc90.mfcloc_1fc8b3b9a1e18e3b_9.0.30729.6161_none_01c9581e60cbee58\MFC90ENU.DLL
0x0000000004cf0000 - 0x0000000004d19000 	C:\Program Files\MATLAB\R2011b\bin\win64\tbbmalloc.dll
0x000007fefd580000 - 0x000007fefd58f000 	C:\Windows\system32\profapi.dll
0x000007fefb830000 - 0x000007fefb83f000 	C:\Program Files\MATLAB\R2011b\bin\win64\xmlxrcsc.dll
0x000007fefd4b0000 - 0x000007fefd4bf000 	C:\Windows\system32\CRYPTBASE.dll
0x000007fefc1a0000 - 0x000007fefc394000 	C:\Windows\WinSxS\amd64_microsoft.windows.common-controls_6595b64144ccf1df_6.0.7601.17514_none_fa396087175ac9ac\comctl32.dll
0x000007fefe040000 - 0x000007fefe217000 	C:\Windows\system32\SETUPAPI.dll
0x000007fefd630000 - 0x000007fefd666000 	C:\Windows\system32\CFGMGR32.dll
0x000007fefd710000 - 0x000007fefd72a000 	C:\Windows\system32\DEVOBJ.dll
0x000007fefe220000 - 0x000007fefe2b9000 	C:\Windows\system32\CLBCatQ.DLL
0x000007fefbe80000 - 0x000007fefbfac000 	C:\Windows\system32\propsys.dll
0x000007fefb370000 - 0x000007fefb39d000 	C:\Windows\system32\ntmarta.dll
0x000007fefdd60000 - 0x000007fefddb2000 	C:\Windows\system32\WLDAP32.dll
0x000000006db40000 - 0x000000006db43000 	C:\Windows\system32\icmp.Dll
0x000007fefaa50000 - 0x000007fefaa77000 	C:\Windows\system32\iphlpapi.DLL
0x000007fefaa40000 - 0x000007fefaa4b000 	C:\Windows\system32\WINNSI.DLL
0x000007fefd420000 - 0x000007fefd445000 	C:\Windows\system32\SspiCli.dll
0x000007fefb0c0000 - 0x000007fefb0d5000 	C:\Windows\system32\NLAapi.dll
0x000007fef8c00000 - 0x000007fef8c15000 	C:\Windows\system32\napinsp.dll
0x000007fef8be0000 - 0x000007fef8bf9000 	C:\Windows\system32\pnrpnsp.dll

VM Arguments:
jvm_args: -Xss512k -XX:PermSize=32m -Xms64m -XX:NewRatio=3 -XX:MaxPermSize=128m -Xmx196m -XX:MaxDirectMemorySize=2147400000 -Dsun.java2d.noddraw=true -Dsun.awt.nopixfmt=true -Xshare:off -Xrs -Dsun.awt.disableMixing=true -Djava.library.path=C:\Program Files\MATLAB\R2011b\bin\win64 vfprintf abort 
java_command: <unknown>
Launcher Type: generic

Environment Variables:
PATH=C:\Windows\system32;C:\Windows;C:\Windows\System32\Wbem;C:\Windows\System32\WindowsPowerShell\v1.0\;C:\Program Files (x86)\ATI Technologies\ATI.ACE\Core-Static;c:\Program Files (x86)\Microsoft SQL Server\90\Tools\binn\;C:\Users\user\Downloads\play;C:\Program Files\Java\jdk1.6.0_26\bin;C:\Program Files\Java\jdk1.6.0_26\lib;C:\Program Files\MATLAB\R2011b\runtime\win64;C:\Program Files\MATLAB\R2011b\bin;C:\Program Files (x86)\Mendeley Desktop\wordPlugin;
USERNAME=Pedro Fig Silva
OS=Windows_NT
PROCESSOR_IDENTIFIER=Intel64 Family 6 Model 23 Stepping 10, GenuineIntel



---------------  S Y S T E M  ---------------

OS: Windows 7 Build 7601 Service Pack 1

CPU:total 2 (2 cores per cpu, 1 threads per core) family 6 model 23 stepping 10, cmov, cx8, fxsr, mmx, sse, sse2, sse3, ssse3, sse4.1

Memory: 4k page, physical 3144184k(935328k free), swap 6286520k(3086836k free)

vm_info: Java HotSpot(TM) 64-Bit Server VM (14.3-b01) for windows-amd64 JRE (1.6.0_17-b04), built on Oct 11 2009 00:46:08 by "java_re" with MS VC++ 8.0

time: Wed Feb 29 22:12:30 2012
elapsed time: 20006 seconds

